2025/07/21 19:04:27 - mmengine - INFO - 
------------------------------------------------------------
System environment:
    sys.platform: win32
    Python: 3.8.20 (default, Oct  3 2024, 15:19:54) [MSC v.1929 64 bit (AMD64)]
    CUDA available: True
    MUSA available: False
    numpy_random_seed: 1785803475
    GPU 0: NVIDIA GeForce RTX 4060 Laptop GPU
    CUDA_HOME: C:\Program Files\NVIDIA GPU Computing Toolkit\CUDA\v12.6
    NVCC: Cuda compilation tools, release 12.6, V12.6.20
    MSVC: Microsoft (R) C/C++ 최적화 컴파일러 버전 19.41.34120(x64)
    GCC: n/a
    PyTorch: 2.1.2+cu121
    PyTorch compiling details: PyTorch built with:
  - C++ Version: 199711
  - MSVC 192930151
  - Intel(R) Math Kernel Library Version 2020.0.2 Product Build 20200624 for Intel(R) 64 architecture applications
  - Intel(R) MKL-DNN v3.1.1 (Git Hash 64f6bcbcbab628e96f33a62c3e975f8535a7bde4)
  - OpenMP 2019
  - LAPACK is enabled (usually provided by MKL)
  - CPU capability usage: AVX512
  - CUDA Runtime 12.1
  - NVCC architecture flags: -gencode;arch=compute_50,code=sm_50;-gencode;arch=compute_60,code=sm_60;-gencode;arch=compute_61,code=sm_61;-gencode;arch=compute_70,code=sm_70;-gencode;arch=compute_75,code=sm_75;-gencode;arch=compute_80,code=sm_80;-gencode;arch=compute_86,code=sm_86;-gencode;arch=compute_90,code=sm_90
  - CuDNN 8.8.1  (built against CUDA 12.0)
  - Magma 2.5.4
  - Build settings: BLAS_INFO=mkl, BUILD_TYPE=Release, CUDA_VERSION=12.1, CUDNN_VERSION=8.8.1, CXX_COMPILER=C:/actions-runner/_work/pytorch/pytorch/builder/windows/tmp_bin/sccache-cl.exe, CXX_FLAGS=/DWIN32 /D_WINDOWS /GR /EHsc /bigobj /FS -DUSE_PTHREADPOOL -DNDEBUG -DUSE_KINETO -DLIBKINETO_NOCUPTI -DLIBKINETO_NOROCTRACER -DUSE_FBGEMM -DUSE_XNNPACK -DSYMBOLICATE_MOBILE_DEBUG_HANDLE /utf-8 /wd4624 /wd4068 /wd4067 /wd4267 /wd4661 /wd4717 /wd4244 /wd4804 /wd4273, LAPACK_INFO=mkl, PERF_WITH_AVX=1, PERF_WITH_AVX2=1, PERF_WITH_AVX512=1, TORCH_DISABLE_GPU_ASSERTS=OFF, TORCH_VERSION=2.1.2, USE_CUDA=ON, USE_CUDNN=ON, USE_EXCEPTION_PTR=1, USE_GFLAGS=OFF, USE_GLOG=OFF, USE_MKL=ON, USE_MKLDNN=ON, USE_MPI=OFF, USE_NCCL=OFF, USE_NNPACK=OFF, USE_OPENMP=ON, USE_ROCM=OFF, 

    TorchVision: 0.16.2+cu121
    OpenCV: 4.12.0
    MMEngine: 0.10.7

Runtime environment:
    cudnn_benchmark: False
    dist_cfg: {'backend': 'nccl'}
    mp_cfg: {'mp_start_method': 'fork', 'opencv_num_threads': 0}
    seed: 1785803475
    Distributed launcher: none
    Distributed training: False
    GPU number: 1
------------------------------------------------------------

2025/07/21 19:04:27 - mmengine - INFO - Config:
ann_file = 'D:\\golfDataset\\dataset\\train\\crop_pkl\\skeleton_dataset_90_10.pkl'
auto_scale_lr = dict(base_batch_size=128, enable=False)
custom_hooks = [
    dict(
        min_delta=0.001,
        monitor='val/top1_acc',
        patience=5,
        type='EarlyStoppingHook'),
]
dataset_type = 'PoseDataset'
default_hooks = dict(
    checkpoint=dict(interval=1, save_best='auto', type='CheckpointHook'),
    logger=dict(ignore_last=False, interval=100, type='LoggerHook'),
    param_scheduler=dict(type='ParamSchedulerHook'),
    runtime_info=dict(type='RuntimeInfoHook'),
    sampler_seed=dict(type='DistSamplerSeedHook'),
    sync_buffers=dict(type='SyncBuffersHook'),
    timer=dict(type='IterTimerHook'),
    visualization=dict(type='VisualizationHook'))
default_scope = 'mmaction'
env_cfg = dict(
    cudnn_benchmark=False,
    dist_cfg=dict(backend='nccl'),
    mp_cfg=dict(mp_start_method='fork', opencv_num_threads=0))
fp16 = dict(loss_scale='dynamic', type='Fp16OptimizerHook')
launcher = 'none'
load_from = 'checkpoints\\stgcnpp_8xb16-joint-u100-80e_ntu60-xsub-keypoint-2d_20221228-86e1e77a.pth'
log_level = 'INFO'
log_processor = dict(by_epoch=True, type='LogProcessor', window_size=20)
model = dict(
    backbone=dict(
        gcn_adaptive='init',
        gcn_with_res=True,
        graph_cfg=dict(layout='coco', mode='spatial'),
        tcn_type='mstcn',
        type='STGCN'),
    cls_head=dict(dropout=0.7, in_channels=256, num_classes=2, type='GCNHead'),
    type='RecognizerGCN')
optim_wrapper = dict(
    optimizer=dict(
        lr=0.005, momentum=0.9, nesterov=True, type='SGD',
        weight_decay=0.0001))
param_scheduler = [
    dict(
        begin=0,
        by_epoch=True,
        end=10,
        gamma=0.1,
        milestones=[
            3,
            6,
        ],
        type='MultiStepLR'),
]
resume = False
test_cfg = dict(type='TestLoop')
test_dataloader = dict(
    batch_size=1,
    dataset=dict(
        ann_file=
        'D:\\Jabez\\golf\\fusion\\embbeding_data\\stgcnpp\\skeleton_dataset_train.pkl',
        pipeline=[
            dict(type='PreNormalize2D'),
            dict(dataset='coco', feats=[
                'j',
            ], type='GenSkeFeat'),
            dict(
                clip_len=100,
                num_clips=10,
                test_mode=True,
                type='UniformSampleFrames'),
            dict(type='PoseDecode'),
            dict(num_person=2, type='FormatGCNInput'),
            dict(type='PackActionInputs'),
        ],
        split='xsub_val',
        test_mode=True,
        type='PoseDataset'),
    num_workers=0,
    persistent_workers=False,
    sampler=dict(shuffle=False, type='DefaultSampler'))
test_evaluator = [
    dict(type='AccMetric'),
    dict(out_file_path='result/result.pkl', type='DumpResults'),
]
test_pipeline = [
    dict(type='PreNormalize2D'),
    dict(dataset='coco', feats=[
        'j',
    ], type='GenSkeFeat'),
    dict(
        clip_len=100, num_clips=10, test_mode=True,
        type='UniformSampleFrames'),
    dict(type='PoseDecode'),
    dict(num_person=2, type='FormatGCNInput'),
    dict(type='PackActionInputs'),
    dict(type='AddFrameDirToMeta'),
]
train_cfg = dict(
    max_epochs=8, type='EpochBasedTrainLoop', val_begin=1, val_interval=1)
train_dataloader = dict(
    batch_size=16,
    dataset=dict(
        dataset=dict(
            ann_file=
            'D:\\golfDataset\\dataset\\train\\crop_pkl\\skeleton_dataset_90_10.pkl',
            pipeline=[
                dict(type='PreNormalize2D'),
                dict(dataset='coco', feats=[
                    'j',
                ], type='GenSkeFeat'),
                dict(clip_len=100, type='UniformSampleFrames'),
                dict(type='PoseDecode'),
                dict(num_person=2, type='FormatGCNInput'),
                dict(type='PackActionInputs'),
            ],
            split='xsub_train',
            type='PoseDataset'),
        times=1,
        type='RepeatDataset'),
    num_workers=2,
    persistent_workers=True,
    sampler=dict(shuffle=True, type='DefaultSampler'))
train_pipeline = [
    dict(type='PreNormalize2D'),
    dict(dataset='coco', feats=[
        'j',
    ], type='GenSkeFeat'),
    dict(clip_len=100, type='UniformSampleFrames'),
    dict(type='PoseDecode'),
    dict(num_person=2, type='FormatGCNInput'),
    dict(type='PackActionInputs'),
    dict(type='AddFrameDirToMeta'),
]
val_cfg = dict(type='ValLoop')
val_dataloader = dict(
    batch_size=16,
    dataset=dict(
        ann_file=
        'D:\\golfDataset\\dataset\\train\\crop_pkl\\skeleton_dataset_90_10.pkl',
        pipeline=[
            dict(type='PreNormalize2D'),
            dict(dataset='coco', feats=[
                'j',
            ], type='GenSkeFeat'),
            dict(
                clip_len=100,
                num_clips=1,
                test_mode=True,
                type='UniformSampleFrames'),
            dict(type='PoseDecode'),
            dict(num_person=2, type='FormatGCNInput'),
            dict(type='PackActionInputs'),
        ],
        split='xsub_val',
        test_mode=True,
        type='PoseDataset'),
    num_workers=2,
    persistent_workers=True,
    sampler=dict(shuffle=False, type='DefaultSampler'))
val_evaluator = [
    dict(type='AccMetric'),
]
val_pipeline = [
    dict(type='PreNormalize2D'),
    dict(dataset='coco', feats=[
        'j',
    ], type='GenSkeFeat'),
    dict(
        clip_len=100, num_clips=1, test_mode=True, type='UniformSampleFrames'),
    dict(type='PoseDecode'),
    dict(num_person=2, type='FormatGCNInput'),
    dict(type='PackActionInputs'),
    dict(type='AddFrameDirToMeta'),
]
vis_backends = [
    dict(type='LocalVisBackend'),
]
visualizer = dict(
    type='ActionVisualizer', vis_backends=[
        dict(type='LocalVisBackend'),
    ])
work_dir = './work_dirs\\my_stgcnpp'

2025/07/21 19:04:28 - mmengine - INFO - Distributed training is not used, all SyncBatchNorm (SyncBN) layers in the model will be automatically reverted to BatchNormXd layers if they are used.
2025/07/21 19:04:28 - mmengine - INFO - Hooks will be executed in the following order:
before_run:
(VERY_HIGH   ) RuntimeInfoHook                    
(BELOW_NORMAL) LoggerHook                         
(LOWEST      ) EarlyStoppingHook                  
 -------------------- 
before_train:
(VERY_HIGH   ) RuntimeInfoHook                    
(NORMAL      ) IterTimerHook                      
(VERY_LOW    ) CheckpointHook                     
 -------------------- 
before_train_epoch:
(VERY_HIGH   ) RuntimeInfoHook                    
(NORMAL      ) IterTimerHook                      
(NORMAL      ) DistSamplerSeedHook                
 -------------------- 
before_train_iter:
(VERY_HIGH   ) RuntimeInfoHook                    
(NORMAL      ) IterTimerHook                      
 -------------------- 
after_train_iter:
(VERY_HIGH   ) RuntimeInfoHook                    
(NORMAL      ) IterTimerHook                      
(BELOW_NORMAL) LoggerHook                         
(LOW         ) ParamSchedulerHook                 
(VERY_LOW    ) CheckpointHook                     
 -------------------- 
after_train_epoch:
(NORMAL      ) IterTimerHook                      
(NORMAL      ) SyncBuffersHook                    
(LOW         ) ParamSchedulerHook                 
(VERY_LOW    ) CheckpointHook                     
 -------------------- 
before_val:
(VERY_HIGH   ) RuntimeInfoHook                    
 -------------------- 
before_val_epoch:
(NORMAL      ) IterTimerHook                      
(NORMAL      ) SyncBuffersHook                    
 -------------------- 
before_val_iter:
(NORMAL      ) IterTimerHook                      
 -------------------- 
after_val_iter:
(NORMAL      ) IterTimerHook                      
(NORMAL      ) VisualizationHook                  
(BELOW_NORMAL) LoggerHook                         
 -------------------- 
after_val_epoch:
(VERY_HIGH   ) RuntimeInfoHook                    
(NORMAL      ) IterTimerHook                      
(BELOW_NORMAL) LoggerHook                         
(LOW         ) ParamSchedulerHook                 
(VERY_LOW    ) CheckpointHook                     
(LOWEST      ) EarlyStoppingHook                  
 -------------------- 
after_val:
(VERY_HIGH   ) RuntimeInfoHook                    
 -------------------- 
after_train:
(VERY_HIGH   ) RuntimeInfoHook                    
(VERY_LOW    ) CheckpointHook                     
 -------------------- 
before_test:
(VERY_HIGH   ) RuntimeInfoHook                    
 -------------------- 
before_test_epoch:
(NORMAL      ) IterTimerHook                      
 -------------------- 
before_test_iter:
(NORMAL      ) IterTimerHook                      
 -------------------- 
after_test_iter:
(NORMAL      ) IterTimerHook                      
(NORMAL      ) VisualizationHook                  
(BELOW_NORMAL) LoggerHook                         
 -------------------- 
after_test_epoch:
(VERY_HIGH   ) RuntimeInfoHook                    
(NORMAL      ) IterTimerHook                      
(BELOW_NORMAL) LoggerHook                         
 -------------------- 
after_test:
(VERY_HIGH   ) RuntimeInfoHook                    
 -------------------- 
after_run:
(BELOW_NORMAL) LoggerHook                         
 -------------------- 
2025/07/21 19:04:29 - mmengine - INFO - 392 videos remain after valid thresholding
2025/07/21 19:04:29 - mmengine - WARNING - The prefix is not set in metric class DumpResults.
